<?xml version="1.0" encoding="UTF-8"?>
<!-- Generated by org.testng.reporters.JUnitReportReporter -->
<testsuite skipped="0" hostname="Anibal-PC" name="tests.AllOrdersTests" tests="1" failures="0" timestamp="2021-01-24T02:32:19 CET" time="12.523" errors="0">
  <testcase name="verifyCheckboxes" time="12.523" classname="tests.AllOrdersTests"/>
  <system-out/>
</testsuite> <!-- tests.AllOrdersTests -->
