<?xml version="1.0" encoding="UTF-8"?>
<!-- Generated by org.testng.reporters.JUnitReportReporter -->
<testsuite skipped="0" hostname="Anibal-PC" name="tests.TestUtils" tests="1" failures="0" timestamp="2021-01-23T03:33:23 CET" time="46.009" errors="0">
  <testcase name="testScroll" time="46.009" classname="tests.TestUtils"/>
  <system-out/>
</testsuite> <!-- tests.TestUtils -->
