<?xml version="1.0" encoding="UTF-8"?>
<!-- Generated by org.testng.reporters.JUnitReportReporter -->
<testsuite skipped="0" hostname="Anibal-PC" name="tests.LoginTests" tests="2" failures="0" timestamp="2021-01-23T23:12:41 CET" time="30.547" errors="0">
  <testcase name="negativeLogin1UsingPOM" time="18.531" classname="tests.LoginTests"/>
  <system-out/>
  <testcase name="positiveLoginUsingPageObjectModel" time="12.016" classname="tests.LoginTests"/>
  <system-out/>
</testsuite> <!-- tests.LoginTests -->
