<?xml version="1.0" encoding="UTF-8"?>
<!-- Generated by org.testng.reporters.JUnitReportReporter -->
<testsuite skipped="0" hostname="Anibal-PC" name="tests.DemoTest" tests="2" failures="0" timestamp="2021-01-22T21:53:21 CET" time="27.167" errors="0">
  <testcase name="test2" time="13.131" classname="tests.DemoTest"/>
  <system-out/>
  <testcase name="test1" time="14.036" classname="tests.DemoTest"/>
  <system-out/>
</testsuite> <!-- tests.DemoTest -->
